<?xml version="1.0" encoding="UTF-8"?>
<testsuites>
  <testsuite name="CodeIgniter Application Test Suite" tests="15" assertions="25" failures="1" errors="0" time="1.341304">
    <testsuite name="Home_test" file="C:\xampp\htdocs\tekumamba\application\tests\controllers\Home_test.php" fullPackage="Home" tests="8" assertions="7" failures="1" errors="0" time="0.780512">
      <testcase name="test_index" class="Home_test" file="C:\xampp\htdocs\tekumamba\application\tests\controllers\Home_test.php" line="18" assertions="1" time="0.076382"/>
      <testcase name="test_index_nosession" class="Home_test" file="C:\xampp\htdocs\tekumamba\application\tests\controllers\Home_test.php" line="25" assertions="1" time="0.065405"/>
      <testcase name="test_index_namasessionsalah" class="Home_test" file="C:\xampp\htdocs\tekumamba\application\tests\controllers\Home_test.php" line="32" assertions="1" time="0.063340"/>
      <testcase name="test_view_profile" class="Home_test" file="C:\xampp\htdocs\tekumamba\application\tests\controllers\Home_test.php" line="39" assertions="1" time="0.067237"/>
      <testcase name="test_view_profile_nosession" class="Home_test" file="C:\xampp\htdocs\tekumamba\application\tests\controllers\Home_test.php" line="47" assertions="1" time="0.063246"/>
      <testcase name="test_view_profile_bisa" class="Home_test" file="C:\xampp\htdocs\tekumamba\application\tests\controllers\Home_test.php" line="54" assertions="1" time="0.069870"/>
      <testcase name="test_registerData" class="Home_test" file="C:\xampp\htdocs\tekumamba\application\tests\controllers\Home_test.php" line="62" assertions="1" time="0.242767">
        <failure type="PHPUnit_Framework_ExpectationFailedException">Home_test::test_registerData
Failed asserting that '&lt;!DOCTYPE html&gt;
&lt;html lang="en"&gt;
&lt;head&gt;
    &lt;meta charset="utf-8"&gt;
    &lt;!-- This file has been downloaded from Bootsnipp.com. Enjoy! --&gt;
    &lt;title&gt;Login &amp; Register&lt;/title&gt;
        &lt;meta name="viewport" content="width=device-width, initial-scale=1"&gt;
        &lt;link rel="icon" href="http://localhost/tekumamba/assets/images/icon.png" type="image/png" sizes="16x16"&gt;
    &lt;link href="http://maxcdn.bootstrapcdn.com/bootstrap/3.3.0/css/bootstrap.min.css" rel="stylesheet"&gt;
    &lt;style type="text/css"&gt;
        body {
    padding-top: 90px;
}
.panel-login {
    border-color: #ccc;
	-webkit-box-shadow: 0px 2px 3px 0px rgba(0,0,0,0.2);
	-moz-box-shadow: 0px 2px 3px 0px rgba(0,0,0,0.2);
	box-shadow: 0px 2px 3px 0px rgba(0,0,0,0.2);
}
.panel-login&gt;.panel-heading {
	color: #00415d;
	background-color: #fff;
	border-color: #fff;
	text-align:center;
}
.panel-login&gt;.panel-heading a{
	text-decoration: none;
	color: #666;
	font-weight: bold;
	font-size: 15px;
	-webkit-transition: all 0.1s linear;
	-moz-transition: all 0.1s linear;
	transition: all 0.1s linear;
}
.panel-login&gt;.panel-heading a.active{
	color: #029f5b;
	font-size: 18px;
}
.panel-login&gt;.panel-heading hr{
	margin-top: 10px;
	margin-bottom: 0px;
	clear: both;
	border: 0;
	height: 1px;
	background-image: -webkit-linear-gradient(left,rgba(0, 0, 0, 0),rgba(0, 0, 0, 0.15),rgba(0, 0, 0, 0));
	background-image: -moz-linear-gradient(left,rgba(0,0,0,0),rgba(0,0,0,0.15),rgba(0,0,0,0));
	background-image: -ms-linear-gradient(left,rgba(0,0,0,0),rgba(0,0,0,0.15),rgba(0,0,0,0));
	background-image: -o-linear-gradient(left,rgba(0,0,0,0),rgba(0,0,0,0.15),rgba(0,0,0,0));
}
.panel-login input[type="text"],.panel-login input[type="email"],.panel-login input[type="password"] {
	height: 45px;
	border: 1px solid #ddd;
	font-size: 16px;
	-webkit-transition: all 0.1s linear;
	-moz-transition: all 0.1s linear;
	transition: all 0.1s linear;
}
.panel-login input:hover,
.panel-login input:focus {
	outline:none;
	-webkit-box-shadow: none;
	-moz-box-shadow: none;
	box-shadow: none;
	border-color: #ccc;
}
.btn-login {
	background-color: #59B2E0;
	outline: none;
	color: #fff;
	font-size: 14px;
	height: auto;
	font-weight: normal;
	padding: 14px 0;
	text-transform: uppercase;
	border-color: #59B2E6;
}
.btn-login:hover,
.btn-login:focus {
	color: #fff;
	background-color: #53A3CD;
	border-color: #53A3CD;
}
.forgot-password {
	text-decoration: underline;
	color: #888;
}
.forgot-password:hover,
.forgot-password:focus {
	text-decoration: underline;
	color: #666;
}

.btn-register {
	background-color: #1CB94E;
	outline: none;
	color: #fff;
	font-size: 14px;
	height: auto;
	font-weight: normal;
	padding: 14px 0;
	text-transform: uppercase;
	border-color: #1CB94A;
}
.btn-register:hover,
.btn-register:focus {
	color: #fff;
	background-color: #1CA347;
	border-color: #1CA347;
}

    &lt;/style&gt;
    &lt;script src="http://code.jquery.com/jquery-1.11.1.min.js"&gt;&lt;/script&gt;
    &lt;script src="http://maxcdn.bootstrapcdn.com/bootstrap/3.3.0/js/bootstrap.min.js"&gt;&lt;/script&gt;
&lt;/head&gt;
&lt;body&gt;
&lt;div class="container"&gt;
        &lt;div class="row"&gt;
			&lt;div class="col-md-6 col-md-offset-3"&gt;
				&lt;div class="panel panel-login"&gt;
					&lt;div class="panel-heading"&gt;
						&lt;div class="row"&gt;
							&lt;div class="col-xs-6"&gt;
								&lt;a href="#" class="active" id="login-form-link"&gt;Login&lt;/a&gt;
							&lt;/div&gt;
							&lt;div class="col-xs-6"&gt;
								&lt;a href="#" id="register-form-link"&gt;Register&lt;/a&gt;
							&lt;/div&gt;
						&lt;/div&gt;
						&lt;hr&gt;
					&lt;/div&gt;
					&lt;div class="panel-body"&gt;
						&lt;div class="row"&gt;
							&lt;div class="col-lg-12"&gt;
								&lt;form id="login-form" action="http://localhost/tekumamba/index.php/Login/aksi_login" method="post" role="form" style="display: block;"&gt;
									&lt;div class="form-group"&gt;
										&lt;input type="text" name="Username" id="Username" tabindex="1" class="form-control" placeholder="Username" value="" autocomplete="off" required="required"&gt;
									&lt;/div&gt;
									&lt;div class="form-group"&gt;
										&lt;input type="password" name="Upassword" id="Upassword" tabindex="2" class="form-control" placeholder="Password" autocomplete="off" required="required"&gt;
									&lt;/div&gt;
									&lt;div class="form-group"&gt;
										&lt;label&gt;USERNAME / PASSWORD SALAH&lt;/label&gt;
									&lt;/div&gt;
									&lt;div class="form-group text-center"&gt;
										&lt;input type="checkbox" tabindex="3" class="" name="remember" id="remember" autocomplete="off"&gt;
										&lt;label for="remember"&gt; Remember Me&lt;/label&gt;
									&lt;/div&gt;
									&lt;div class="form-group"&gt;
										&lt;div class="row"&gt;
											&lt;div class="col-sm-6 col-sm-offset-3"&gt;
												&lt;input type="submit" name="login-submit" id="login-submit" tabindex="4" class="form-control btn btn-login" value="Log In" autocomplete="off"&gt;
											&lt;/div&gt;
										&lt;/div&gt;
									&lt;/div&gt;
								&lt;/form&gt;
								&lt;form id="register-form" action="http://localhost/tekumamba/index.php/Home/registerData" method="post" role="form" enctype="multipart/form-data" style="display: none;"&gt;
					                  &lt;div class="form-group"&gt;
					                    &lt;input type="text" name="Uname" id="Uname" tabindex="1" class="form-control" placeholder="Your Name" value="" autocomplete="off" required="required"&gt;
					                  &lt;/div&gt;
									&lt;div class="form-group"&gt;
										&lt;input type="text" name="Username" id="Username" tabindex="1" class="form-control" placeholder="Username" value="" autocomplete="off" required="required"&gt;
									&lt;/div&gt;
									&lt;div class="form-group"&gt;
										&lt;input type="email" name="Uemail" id="Uemail" tabindex="1" class="form-control" placeholder="Email Address" autocomplete="off" required="required"&gt;
									&lt;/div&gt;
									&lt;div class="form-group"&gt;
										&lt;input type="password" name="Upassword" id="Upassword" tabindex="1" class="form-control" placeholder="Password" autocomplete="off" required="required"&gt;
									
									&lt;div class="form-group"&gt;
										&lt;input type="number" name="Uphone" id="Uphone" tabindex="1" class="form-control" placeholder="No. Telepon" autocomplete="off" required="required"&gt;
									&lt;/div&gt;
										&lt;div&gt;
											&lt;input type="file" name="Ufoto"&gt;
										&lt;/div&gt;
									&lt;div class="form-group"&gt;
										&lt;div class="row"&gt;
											&lt;div class="col-sm-6 col-sm-offset-3"&gt;
												&lt;input type="submit" name="register-submit" id="register-submit" tabindex="4" class="form-control btn btn-register" value="Register Now"&gt;
											&lt;/div&gt;
										&lt;/div&gt;
									&lt;/div&gt;
								&lt;/form&gt;
							&lt;/div&gt;
						&lt;/div&gt;
					&lt;/div&gt;
				&lt;/div&gt;
			&lt;/div&gt;
		&lt;/div&gt;
	&lt;/div&gt;
&lt;script type="text/javascript"&gt;
$(function() {

    $('#login-form-link').click(function(e) {
    	$("#login-form").delay(100).fadeIn(100);
 		$("#register-form").fadeOut(100);
		$('#register-form-link').removeClass('active');
		$(this).addClass('active');
		e.preventDefault();
	});
	$('#register-form-link').click(function(e) {
		$("#register-form").delay(100).fadeIn(100);
 		$("#login-form").fadeOut(100);
		$('#login-form-link').removeClass('active');
		$(this).addClass('active');
		e.preventDefault();
	});

});

&lt;/script&gt;
&lt;/body&gt;
&lt;/html&gt;
' contains "&lt;label&gt;REGISTER SUKSES&lt;/label&gt;".

C:\xampp\htdocs\tekumamba\application\tests\controllers\Home_test.php:78
</failure>
      </testcase>
      <testcase name="test_updatePhoto" class="Home_test" file="C:\xampp\htdocs\tekumamba\application\tests\controllers\Home_test.php" line="81" assertions="0" time="0.132265"/>
    </testsuite>
    <testsuite name="Login_test" file="C:\xampp\htdocs\tekumamba\application\tests\controllers\Login_test.php" fullPackage="Login" tests="7" assertions="18" failures="0" errors="0" time="0.560792">
      <testcase name="test_index" class="Login_test" file="C:\xampp\htdocs\tekumamba\application\tests\controllers\Login_test.php" line="18" assertions="1" time="0.057191"/>
      <testcase name="test_aksi_login" class="Login_test" file="C:\xampp\htdocs\tekumamba\application\tests\controllers\Login_test.php" line="26" assertions="2" time="0.068725"/>
      <testcase name="test_aksi_login_nousername" class="Login_test" file="C:\xampp\htdocs\tekumamba\application\tests\controllers\Login_test.php" line="37" assertions="3" time="0.090035"/>
      <testcase name="test_aksi_login_nopassword" class="Login_test" file="C:\xampp\htdocs\tekumamba\application\tests\controllers\Login_test.php" line="50" assertions="3" time="0.090590"/>
      <testcase name="test_aksi_login_usernameunmatch" class="Login_test" file="C:\xampp\htdocs\tekumamba\application\tests\controllers\Login_test.php" line="63" assertions="3" time="0.095515"/>
      <testcase name="test_aksi_login_passwordunmatch" class="Login_test" file="C:\xampp\htdocs\tekumamba\application\tests\controllers\Login_test.php" line="77" assertions="3" time="0.099320"/>
      <testcase name="test_logout" class="Login_test" file="C:\xampp\htdocs\tekumamba\application\tests\controllers\Login_test.php" line="91" assertions="3" time="0.059416"/>
    </testsuite>
  </testsuite>
</testsuites>
