<?xml version="1.0" encoding="UTF-8"?>
<testsuites>
  <testsuite name="CodeIgniter Application Test Suite" tests="15" assertions="28" failures="0" errors="0" time="1.007211">
    <testsuite name="Home_test" file="C:\xampp\htdocs\tekumamba\application\tests\controllers\Home_test.php" fullPackage="Home" tests="7" assertions="7" failures="0" errors="0" time="0.462497">
      <testcase name="test_index" class="Home_test" file="C:\xampp\htdocs\tekumamba\application\tests\controllers\Home_test.php" line="19" assertions="1" time="0.070548"/>
      <testcase name="test_index_nosession" class="Home_test" file="C:\xampp\htdocs\tekumamba\application\tests\controllers\Home_test.php" line="26" assertions="1" time="0.064638"/>
      <testcase name="test_index_namasessionsalah" class="Home_test" file="C:\xampp\htdocs\tekumamba\application\tests\controllers\Home_test.php" line="33" assertions="1" time="0.059723"/>
      <testcase name="test_view_profile" class="Home_test" file="C:\xampp\htdocs\tekumamba\application\tests\controllers\Home_test.php" line="40" assertions="1" time="0.068908"/>
      <testcase name="test_view_profile_nosession" class="Home_test" file="C:\xampp\htdocs\tekumamba\application\tests\controllers\Home_test.php" line="48" assertions="1" time="0.065052"/>
      <testcase name="test_view_profile_bisa" class="Home_test" file="C:\xampp\htdocs\tekumamba\application\tests\controllers\Home_test.php" line="55" assertions="1" time="0.078336"/>
      <testcase name="test_registerDatareload" class="Home_test" file="C:\xampp\htdocs\tekumamba\application\tests\controllers\Home_test.php" line="143" assertions="1" time="0.055292"/>
    </testsuite>
    <testsuite name="Login_test" file="C:\xampp\htdocs\tekumamba\application\tests\controllers\Login_test.php" fullPackage="Login" tests="8" assertions="21" failures="0" errors="0" time="0.544715">
      <testcase name="test_index" class="Login_test" file="C:\xampp\htdocs\tekumamba\application\tests\controllers\Login_test.php" line="16" assertions="1" time="0.053838"/>
      <testcase name="test_aksi_login" class="Login_test" file="C:\xampp\htdocs\tekumamba\application\tests\controllers\Login_test.php" line="24" assertions="2" time="0.074544"/>
      <testcase name="test_aksi_login_nousername" class="Login_test" file="C:\xampp\htdocs\tekumamba\application\tests\controllers\Login_test.php" line="35" assertions="3" time="0.064769"/>
      <testcase name="test_aksi_login_nopassword" class="Login_test" file="C:\xampp\htdocs\tekumamba\application\tests\controllers\Login_test.php" line="48" assertions="3" time="0.073089"/>
      <testcase name="test_aksi_login_usernameunmatch" class="Login_test" file="C:\xampp\htdocs\tekumamba\application\tests\controllers\Login_test.php" line="61" assertions="3" time="0.066531"/>
      <testcase name="test_aksi_login_passwordunmatch" class="Login_test" file="C:\xampp\htdocs\tekumamba\application\tests\controllers\Login_test.php" line="75" assertions="3" time="0.065799"/>
      <testcase name="test_aksi_login_usernamepasswordunmatch" class="Login_test" file="C:\xampp\htdocs\tekumamba\application\tests\controllers\Login_test.php" line="89" assertions="3" time="0.080719"/>
      <testcase name="test_logout" class="Login_test" file="C:\xampp\htdocs\tekumamba\application\tests\controllers\Login_test.php" line="103" assertions="3" time="0.065425"/>
    </testsuite>
  </testsuite>
</testsuites>
