<?xml version="1.0" encoding="UTF-8"?>
<testsuites>
  <testsuite name="CodeIgniter Application Test Suite" tests="21" assertions="43" failures="0" errors="0" time="2.022392">
    <testsuite name="Home_test" file="C:\xampp\htdocs\tekumamba\application\tests\controllers\Home_test.php" fullPackage="Home" tests="12" assertions="21" failures="0" errors="0" time="1.341574">
      <testcase name="test_index" class="Home_test" file="C:\xampp\htdocs\tekumamba\application\tests\controllers\Home_test.php" line="19" assertions="1" time="0.097060"/>
      <testcase name="test_index_nosession" class="Home_test" file="C:\xampp\htdocs\tekumamba\application\tests\controllers\Home_test.php" line="26" assertions="1" time="0.064886"/>
      <testcase name="test_index_namasessionsalah" class="Home_test" file="C:\xampp\htdocs\tekumamba\application\tests\controllers\Home_test.php" line="33" assertions="1" time="0.067767"/>
      <testcase name="test_view_profile" class="Home_test" file="C:\xampp\htdocs\tekumamba\application\tests\controllers\Home_test.php" line="40" assertions="1" time="0.070335"/>
      <testcase name="test_view_profile_nosession" class="Home_test" file="C:\xampp\htdocs\tekumamba\application\tests\controllers\Home_test.php" line="48" assertions="1" time="0.061003"/>
      <testcase name="test_view_profile_bisa" class="Home_test" file="C:\xampp\htdocs\tekumamba\application\tests\controllers\Home_test.php" line="55" assertions="1" time="0.079378"/>
      <testcase name="test_updateProfile" class="Home_test" file="C:\xampp\htdocs\tekumamba\application\tests\controllers\Home_test.php" line="63" assertions="4" time="0.466790"/>
      <testcase name="test_registerData" class="Home_test" file="C:\xampp\htdocs\tekumamba\application\tests\controllers\Home_test.php" line="116" assertions="2" time="0.108658"/>
      <testcase name="test_registerDatareload" class="Home_test" file="C:\xampp\htdocs\tekumamba\application\tests\controllers\Home_test.php" line="143" assertions="1" time="0.057416"/>
      <testcase name="test_registerData_double" class="Home_test" file="C:\xampp\htdocs\tekumamba\application\tests\controllers\Home_test.php" line="148" assertions="2" time="0.108133"/>
      <testcase name="test_hapusAkun" class="Home_test" file="C:\xampp\htdocs\tekumamba\application\tests\controllers\Home_test.php" line="175" assertions="3" time="0.103258"/>
      <testcase name="test_hapusAkun_noSession" class="Home_test" file="C:\xampp\htdocs\tekumamba\application\tests\controllers\Home_test.php" line="185" assertions="3" time="0.056890"/>
    </testsuite>
    <testsuite name="Login_test" file="C:\xampp\htdocs\tekumamba\application\tests\controllers\Login_test.php" fullPackage="Login" tests="9" assertions="22" failures="0" errors="0" time="0.680818">
      <testcase name="test_index" class="Login_test" file="C:\xampp\htdocs\tekumamba\application\tests\controllers\Login_test.php" line="16" assertions="1" time="0.051914"/>
      <testcase name="test_index_nosession" class="Login_test" file="C:\xampp\htdocs\tekumamba\application\tests\controllers\Login_test.php" line="24" assertions="1" time="0.053466"/>
      <testcase name="test_aksi_login" class="Login_test" file="C:\xampp\htdocs\tekumamba\application\tests\controllers\Login_test.php" line="31" assertions="2" time="0.058069"/>
      <testcase name="test_aksi_login_nousername" class="Login_test" file="C:\xampp\htdocs\tekumamba\application\tests\controllers\Login_test.php" line="42" assertions="3" time="0.064766"/>
      <testcase name="test_aksi_login_nopassword" class="Login_test" file="C:\xampp\htdocs\tekumamba\application\tests\controllers\Login_test.php" line="55" assertions="3" time="0.093096"/>
      <testcase name="test_aksi_login_usernameunmatch" class="Login_test" file="C:\xampp\htdocs\tekumamba\application\tests\controllers\Login_test.php" line="68" assertions="3" time="0.088185"/>
      <testcase name="test_aksi_login_passwordunmatch" class="Login_test" file="C:\xampp\htdocs\tekumamba\application\tests\controllers\Login_test.php" line="82" assertions="3" time="0.085159"/>
      <testcase name="test_aksi_login_usernamepasswordunmatch" class="Login_test" file="C:\xampp\htdocs\tekumamba\application\tests\controllers\Login_test.php" line="96" assertions="3" time="0.083629"/>
      <testcase name="test_logout" class="Login_test" file="C:\xampp\htdocs\tekumamba\application\tests\controllers\Login_test.php" line="110" assertions="3" time="0.102534"/>
    </testsuite>
  </testsuite>
</testsuites>
